<?xml version="1.0" encoding="UTF-8"?>
<testsuite time="5.813" failures="1" tests="1" name="tests" >
  <testcase time="5.804" classname="tests" name="bookmark-test.ta" >
    <failure message="SoapUI test failed. Following are the test cases that failed:
Test case &apos;bookmarkDocumentTestCase&apos; from test suite &apos;SoapBookmarkServiceServiceSoapBindingTestSuite&apos; has status : FAILED
" type="org.squashtest.ta.framework.exception.AssertionFailedException" >
Summary
TEST :
[SUCCESS] #  EXECUTE_SOAPUI Logicaldoc_SOAP_Bookmark-readyapi-project.xml WITH TEST_SUITE SoapBookmarkServiceServiceSoapBindingTestSuite AND TEST_CASE loginTestCase
	[SUCCESS] 	LOAD Logicaldoc_SOAP_Bookmark-readyapi-project.xml AS __soapui_script0.file
	[SUCCESS] 	CONVERT __soapui_script0.file TO script.soapui(structured) AS __soapui_script1.soapui
	[SUCCESS] 	EXECUTE execute WITH __soapui_script1.soapui USING $(soapui.test.suites:SoapBookmarkServiceServiceSoapBindingTestSuite;soapui.test.cases:loginTestCase) AS __exec2.result
		[SUCCESS] 		$(soapui.test.suites:SoapBookmarkServiceServiceSoapBindingTestSuite;soapui.test.cases:loginTestCase) --> {{__tempI0}}
		[SUCCESS] 		EXECUTE execute WITH __soapui_script1.soapui USING {{__tempI0}} AS __exec2.result
	[SUCCESS] 	ASSERT __exec2.result IS success
[FAIL] #  EXECUTE_SOAPUI Logicaldoc_SOAP_Bookmark-readyapi-project.xml WITH TEST_SUITE SoapBookmarkServiceServiceSoapBindingTestSuite AND TEST_CASE bookmarkDocumentTestCase
	[SUCCESS] 	LOAD Logicaldoc_SOAP_Bookmark-readyapi-project.xml AS __soapui_script3.file
	[SUCCESS] 	CONVERT __soapui_script3.file TO script.soapui(structured) AS __soapui_script4.soapui
	[SUCCESS] 	EXECUTE execute WITH __soapui_script4.soapui USING $(soapui.test.suites:SoapBookmarkServiceServiceSoapBindingTestSuite;soapui.test.cases:bookmarkDocumentTestCase) AS __exec5.result
		[SUCCESS] 		$(soapui.test.suites:SoapBookmarkServiceServiceSoapBindingTestSuite;soapui.test.cases:bookmarkDocumentTestCase) --> {{__tempI1}}
		[SUCCESS] 		EXECUTE execute WITH __soapui_script4.soapui USING {{__tempI1}} AS __exec5.result
	[FAIL] 	ASSERT __exec5.result IS success
org.squashtest.ta.framework.exception.AssertionFailedException: SoapUI test failed. Following are the test cases that failed:
Test case &apos;bookmarkDocumentTestCase&apos; from test suite &apos;SoapBookmarkServiceServiceSoapBindingTestSuite&apos; has status : FAILED

	at org.squashtest.ta.plugin.soapui.assertions.SoapUIIsSuccess.test(SoapUIIsSuccess.java:89)
	at org.squashtest.ta.backbone.engine.wrapper.UnaryAssertionHandler.test(UnaryAssertionHandler.java:94)
	at org.squashtest.ta.backbone.engine.instructionrunner.DefaultUnaryAssertionRunner.doRun(DefaultUnaryAssertionRunner.java:86)
	at org.squashtest.ta.backbone.engine.instructionrunner.AbstractDefaultInstructionRunner.run(AbstractDefaultInstructionRunner.java:69)
	at org.squashtest.ta.backbone.engine.impl.TestRunnerImpl.runInstruction(TestRunnerImpl.java:203)
	at org.squashtest.ta.backbone.engine.impl.TestRunnerImpl.runInstructionList(TestRunnerImpl.java:148)
	at org.squashtest.ta.backbone.engine.impl.TestRunnerImpl.runMetaInstruction(TestRunnerImpl.java:172)
	at org.squashtest.ta.backbone.engine.impl.TestRunnerImpl.runInstructionList(TestRunnerImpl.java:146)
	at org.squashtest.ta.backbone.engine.impl.TestRunnerImpl.runPhase(TestRunnerImpl.java:136)
	at org.squashtest.ta.backbone.engine.impl.TestRunnerImpl.runTest(TestRunnerImpl.java:107)
	at org.squashtest.ta.backbone.engine.impl.EcosystemRunnerImpl.runAllTests(EcosystemRunnerImpl.java:202)
	at org.squashtest.ta.backbone.engine.impl.EcosystemRunnerImpl.run(EcosystemRunnerImpl.java:104)
	at org.squashtest.ta.backbone.engine.impl.SuiteRunnerImpl.execute(SuiteRunnerImpl.java:68)
	at org.squashtest.ta.backbone.engine.impl.EngineImpl.execute(EngineImpl.java:63)
	at org.squashtest.ta.maven.SquashTAMojo.executeImpl(SquashTAMojo.java:204)
	at org.squashtest.ta.maven.AbstractSquashTaMojo.execution(AbstractSquashTaMojo.java:85)
	at org.squashtest.ta.maven.AbstractBaseSquashTaMojo.execute(AbstractBaseSquashTaMojo.java:162)
	at org.apache.maven.plugin.DefaultBuildPluginManager.executeMojo(DefaultBuildPluginManager.java:134)
	at org.apache.maven.lifecycle.internal.MojoExecutor.execute(MojoExecutor.java:207)
	at org.apache.maven.lifecycle.internal.MojoExecutor.execute(MojoExecutor.java:153)
	at org.apache.maven.lifecycle.internal.MojoExecutor.execute(MojoExecutor.java:145)
	at org.apache.maven.lifecycle.internal.LifecycleModuleBuilder.buildProject(LifecycleModuleBuilder.java:116)
	at org.apache.maven.lifecycle.internal.LifecycleModuleBuilder.buildProject(LifecycleModuleBuilder.java:80)
	at org.apache.maven.lifecycle.internal.builder.singlethreaded.SingleThreadedBuilder.build(SingleThreadedBuilder.java:51)
	at org.apache.maven.lifecycle.internal.LifecycleStarter.execute(LifecycleStarter.java:128)
	at org.apache.maven.DefaultMaven.doExecute(DefaultMaven.java:307)
	at org.apache.maven.DefaultMaven.doExecute(DefaultMaven.java:193)
	at org.apache.maven.DefaultMaven.execute(DefaultMaven.java:106)
	at org.apache.maven.cli.MavenCli.execute(MavenCli.java:863)
	at org.apache.maven.cli.MavenCli.doMain(MavenCli.java:288)
	at org.apache.maven.cli.MavenCli.main(MavenCli.java:199)
	at sun.reflect.NativeMethodAccessorImpl.invoke0(Native Method)
	at sun.reflect.NativeMethodAccessorImpl.invoke(NativeMethodAccessorImpl.java:62)
	at sun.reflect.DelegatingMethodAccessorImpl.invoke(DelegatingMethodAccessorImpl.java:43)
	at java.lang.reflect.Method.invoke(Method.java:498)
	at org.codehaus.plexus.classworlds.launcher.Launcher.launchEnhanced(Launcher.java:289)
	at org.codehaus.plexus.classworlds.launcher.Launcher.launch(Launcher.java:229)
	at org.codehaus.plexus.classworlds.launcher.Launcher.mainWithExitCode(Launcher.java:415)
	at org.codehaus.plexus.classworlds.launcher.Launcher.main(Launcher.java:356)

[NOT_RUN] #  EXECUTE_SOAPUI Logicaldoc_SOAP_Bookmark-readyapi-project.xml WITH TEST_SUITE SoapBookmarkServiceServiceSoapBindingTestSuite AND TEST_CASE unbookmarkDocumentTestCase
	[NOT_RUN] 	LOAD Logicaldoc_SOAP_Bookmark-readyapi-project.xml AS __soapui_script6.file
	[NOT_RUN] 	CONVERT __soapui_script6.file TO script.soapui(structured) AS __soapui_script7.soapui
	[NOT_RUN] 	EXECUTE execute WITH __soapui_script7.soapui USING $(soapui.test.suites:SoapBookmarkServiceServiceSoapBindingTestSuite;soapui.test.cases:unbookmarkDocumentTestCase) AS __exec8.result
		[NOT_RUN] 		$(soapui.test.suites:SoapBookmarkServiceServiceSoapBindingTestSuite;soapui.test.cases:unbookmarkDocumentTestCase) --> {{__tempI2}}
		[NOT_RUN] 		EXECUTE execute WITH __soapui_script7.soapui USING {{__tempI2}} AS __exec8.result
	[NOT_RUN] 	ASSERT __exec8.result IS success
    </failure>
  </testcase>
</testsuite>