<?xml version="1.0" encoding="UTF-8"?>
<testsuite time="3.607" failures="0" tests="1" name="tests" >
  <testcase time="3.593" classname="tests" name="search-test.ta" />
</testsuite>