<?xml version="1.0" encoding="UTF-8"?>
<testsuite time="19.548" failures="0" tests="1" name="tests" >
  <testcase time="19.537" classname="tests" name="testsDocument.ta" />
</testsuite>