<?xml version="1.0" encoding="UTF-8"?>
<testsuite time="45.355" failures="0" tests="1" name="tests" >
  <testcase time="45.329" classname="tests" name="testsDocument.ta" />
</testsuite>