<?xml version="1.0" encoding="UTF-8"?>
<testsuite time="3.54" failures="0" tests="1" name="tests" >
  <testcase time="3.526" classname="tests" name="bookmark-test.ta" />
</testsuite>